<?xml version="1.0" encoding="UTF-8"?>
<!-- Generated by org.testng.reporters.JUnitReportReporter -->
<testsuite hostname="QSIH-00514" name="actiTime.ActiTime" tests="1" failures="0" timestamp="15 Jan 2016 20:55:38 GMT" time="3.249" errors="0">
  <testcase name="login" time="3.249" classname="actiTime.ActiTime"/>
</testsuite> <!-- actiTime.ActiTime -->
